\BOOKMARK [0][-]{chapter*.2}{List\040of\040Figures}{}% 1
\BOOKMARK [0][-]{chapter*.3}{List\040of\040Tables}{}% 2
\BOOKMARK [0][-]{chapter.1}{Introduction}{}% 3
\BOOKMARK [0][-]{chapter.2}{R\040Markdown\040Basics}{}% 4
\BOOKMARK [1][-]{section.2.1}{Lists}{chapter.2}% 5
\BOOKMARK [1][-]{section.2.2}{Line\040breaks}{chapter.2}% 6
\BOOKMARK [1][-]{section.2.3}{R\040chunks}{chapter.2}% 7
\BOOKMARK [1][-]{section.2.4}{Inline\040code}{chapter.2}% 8
\BOOKMARK [1][-]{section.2.5}{Including\040plots}{chapter.2}% 9
\BOOKMARK [1][-]{section.2.6}{Loading\040and\040exploring\040data}{chapter.2}% 10
\BOOKMARK [1][-]{section.2.7}{Additional\040resources}{chapter.2}% 11
\BOOKMARK [0][-]{chapter.3}{Mathematics\040and\040Science}{}% 12
\BOOKMARK [1][-]{section.3.1}{Math}{chapter.3}% 13
\BOOKMARK [1][-]{section.3.2}{Chemistry\040101:\040Symbols}{chapter.3}% 14
\BOOKMARK [1][-]{section.3.3}{Physics}{chapter.3}% 15
\BOOKMARK [1][-]{section.3.4}{Biology}{chapter.3}% 16
\BOOKMARK [0][-]{chapter.4}{Tables,\040Graphics,\040References,\040and\040Labels}{}% 17
\BOOKMARK [1][-]{section.4.1}{Tables}{chapter.4}% 18
\BOOKMARK [1][-]{section.4.2}{Figures}{chapter.4}% 19
\BOOKMARK [1][-]{section.4.3}{Footnotes\040and\040Endnotes}{chapter.4}% 20
\BOOKMARK [1][-]{section.4.4}{Cross-referencing\040chapters\040and\040sections}{chapter.4}% 21
\BOOKMARK [1][-]{section.4.5}{Bibliographies}{chapter.4}% 22
\BOOKMARK [1][-]{section.4.6}{Anything\040else?}{chapter.4}% 23
\BOOKMARK [0][-]{chapter*.5}{Conclusion}{}% 24
\BOOKMARK [0][-]{appendix.A}{The\040First\040Appendix}{}% 25
\BOOKMARK [0][-]{appendix.B}{The\040Second\040Appendix,\040for\040Fun}{}% 26
\BOOKMARK [0][-]{appendix*.6}{Colophon}{}% 27
\BOOKMARK [0][-]{appendix*.7}{References}{}% 28
